This is pdfTeX, Version 3.1415926-2.5-1.40.14 (TeX Live 2013/Debian) (format=pdflatex 2016.10.29)  5 FEB 2017 19:11
entering extended mode
 restricted \write18 enabled.
 %&-line parsing enabled.
**Thesis.tex
(/usr/share/texlive/texmf-dist/tex/latex/tools/q.tex
LaTeX2e <2011/06/27>
Babel <3.9h> and hyphenation patterns for 31 languages loaded.
File ignored
)
! Emergency stop.
<*> Thesis.tex
              
*** (job aborted, no legal \end found)

 
Here is how much of TeX's memory you used:
 7 strings out of 494368
 251 string characters out of 6163628
 47507 words of memory out of 5000000
 3362 multiletter control sequences out of 15000+600000
 3640 words of font info for 14 fonts, out of 8000000 for 9000
 398 hyphenation exceptions out of 8191
 5i,0n,1p,90b,8s stack positions out of 5000i,500n,10000p,200000b,80000s
!  ==> Fatal error occurred, no output PDF file produced!
